2021-05-10 10:41:48,622 DEBUG [mondrian.rolap.aggmatcher.DefaultDef] TableMatch.Matcher.matches: name "USER_XML_NESTED_TABLES" pattern "agg_.+_WI2_ACU008_FACT_TABLE" case_insensitive
2021-05-10 10:41:48,622 DEBUG [mondrian.rolap.aggmatcher.DefaultDef] TableMatch.Matcher.matches: name "USER_XML_OUT_OF_LINE_TABLES" pattern "agg_.+_WI2_ACU008_FACT_TABLE" case_insensitive
2021-05-10 10:41:48,623 DEBUG [mondrian.rolap.aggmatcher.DefaultDef] TableMatch.Matcher.matches: name "USER_XML_SCHEMAS" pattern "agg_.+_WI2_ACU008_FACT_TABLE" case_insensitive
2021-05-10 10:41:48,623 DEBUG [mondrian.rolap.aggmatcher.DefaultDef] TableMatch.Matcher.matches: name "USER_XML_SCHEMA_ATTRIBUTES" pattern "agg_.+_WI2_ACU008_FACT_TABLE" case_insensitive
2021-05-10 10:41:48,625 DEBUG [mondrian.rolap.aggmatcher.DefaultDef] TableMatch.Matcher.matches: name "USER_XML_SCHEMA_COMPLEX_TYPES" pattern "agg_.+_WI2_ACU008_FACT_TABLE" case_insensitive
2021-05-10 10:41:48,625 DEBUG [mondrian.rolap.aggmatcher.DefaultDef] TableMatch.Matcher.matches: name "USER_XML_SCHEMA_ELEMENTS" pattern "agg_.+_WI2_ACU008_FACT_TABLE" case_insensitive
2021-05-10 10:41:48,625 DEBUG [mondrian.rolap.aggmatcher.DefaultDef] TableMatch.Matcher.matches: name "USER_XML_SCHEMA_NAMESPACES" pattern "agg_.+_WI2_ACU008_FACT_TABLE" case_insensitive
2021-05-10 10:41:48,625 DEBUG [mondrian.rolap.aggmatcher.DefaultDef] TableMatch.Matcher.matches: name "USER_XML_SCHEMA_SIMPLE_TYPES" pattern "agg_.+_WI2_ACU008_FACT_TABLE" case_insensitive
2021-05-10 10:41:48,625 DEBUG [mondrian.rolap.aggmatcher.DefaultDef] TableMatch.Matcher.matches: name "USER_XML_SCHEMA_SUBSTGRP_HEAD" pattern "agg_.+_WI2_ACU008_FACT_TABLE" case_insensitive
2021-05-10 10:41:48,625 DEBUG [mondrian.rolap.aggmatcher.DefaultDef] TableMatch.Matcher.matches: name "USER_XML_SCHEMA_SUBSTGRP_MBRS" pattern "agg_.+_WI2_ACU008_FACT_TABLE" case_insensitive
2021-05-10 10:41:48,625 DEBUG [mondrian.rolap.aggmatcher.DefaultDef] TableMatch.Matcher.matches: name "USER_XML_TABLES" pattern "agg_.+_WI2_ACU008_FACT_TABLE" case_insensitive
2021-05-10 10:41:48,625 DEBUG [mondrian.rolap.aggmatcher.DefaultDef] TableMatch.Matcher.matches: name "USER_XML_TAB_COLS" pattern "agg_.+_WI2_ACU008_FACT_TABLE" case_insensitive
2021-05-10 10:41:48,625 DEBUG [mondrian.rolap.aggmatcher.DefaultDef] TableMatch.Matcher.matches: name "USER_XML_VIEWS" pattern "agg_.+_WI2_ACU008_FACT_TABLE" case_insensitive
2021-05-10 10:41:48,625 DEBUG [mondrian.rolap.aggmatcher.DefaultDef] TableMatch.Matcher.matches: name "USER_XML_VIEW_COLS" pattern "agg_.+_WI2_ACU008_FACT_TABLE" case_insensitive
2021-05-10 10:41:48,625 DEBUG [mondrian.rolap.aggmatcher.DefaultDef] TableMatch.Matcher.matches: name "USER_XS_ACES" pattern "agg_.+_WI2_ACU008_FACT_TABLE" case_insensitive
2021-05-10 10:41:48,625 DEBUG [mondrian.rolap.aggmatcher.DefaultDef] TableMatch.Matcher.matches: name "USER_XS_ACLS" pattern "agg_.+_WI2_ACU008_FACT_TABLE" case_insensitive
2021-05-10 10:41:48,625 DEBUG [mondrian.rolap.aggmatcher.DefaultDef] TableMatch.Matcher.matches: name "USER_XS_ACL_PARAMETERS" pattern "agg_.+_WI2_ACU008_FACT_TABLE" case_insensitive
2021-05-10 10:41:48,625 DEBUG [mondrian.rolap.aggmatcher.DefaultDef] TableMatch.Matcher.matches: name "USER_XS_COLUMN_CONSTRAINTS" pattern "agg_.+_WI2_ACU008_FACT_TABLE" case_insensitive
2021-05-10 10:41:48,625 DEBUG [mondrian.rolap.aggmatcher.DefaultDef] TableMatch.Matcher.matches: name "USER_XS_IMPLIED_PRIVILEGES" pattern "agg_.+_WI2_ACU008_FACT_TABLE" case_insensitive
2021-05-10 10:41:48,625 DEBUG [mondrian.rolap.aggmatcher.DefaultDef] TableMatch.Matcher.matches: name "USER_XS_INHERITED_REALMS" pattern "agg_.+_WI2_ACU008_FACT_TABLE" case_insensitive
2021-05-10 10:41:48,625 DEBUG [mondrian.rolap.aggmatcher.DefaultDef] TableMatch.Matcher.matches: name "USER_XS_PASSWORD_LIMITS" pattern "agg_.+_WI2_ACU008_FACT_TABLE" case_insensitive
2021-05-10 10:41:48,625 DEBUG [mondrian.rolap.aggmatcher.DefaultDef] TableMatch.Matcher.matches: name "USER_XS_POLICIES" pattern "agg_.+_WI2_ACU008_FACT_TABLE" case_insensitive
2021-05-10 10:41:48,625 DEBUG [mondrian.rolap.aggmatcher.DefaultDef] TableMatch.Matcher.matches: name "USER_XS_PRIVILEGES" pattern "agg_.+_WI2_ACU008_FACT_TABLE" case_insensitive
2021-05-10 10:41:48,625 DEBUG [mondrian.rolap.aggmatcher.DefaultDef] TableMatch.Matcher.matches: name "USER_XS_REALM_CONSTRAINTS" pattern "agg_.+_WI2_ACU008_FACT_TABLE" case_insensitive
2021-05-10 10:41:48,625 DEBUG [mondrian.rolap.aggmatcher.DefaultDef] TableMatch.Matcher.matches: name "USER_XS_SECURITY_CLASSES" pattern "agg_.+_WI2_ACU008_FACT_TABLE" case_insensitive
2021-05-10 10:41:48,625 DEBUG [mondrian.rolap.aggmatcher.DefaultDef] TableMatch.Matcher.matches: name "USER_XS_SECURITY_CLASS_DEP" pattern "agg_.+_WI2_ACU008_FACT_TABLE" case_insensitive
2021-05-10 10:41:48,625 DEBUG [mondrian.rolap.aggmatcher.DefaultDef] TableMatch.Matcher.matches: name "USER_XS_USERS" pattern "agg_.+_WI2_ACU008_FACT_TABLE" case_insensitive
2021-05-10 10:41:48,625 DEBUG [mondrian.rolap.aggmatcher.DefaultDef] TableMatch.Matcher.matches: name "USER_XTERNAL_LOC_PARTITIONS" pattern "agg_.+_WI2_ACU008_FACT_TABLE" case_insensitive
2021-05-10 10:41:48,625 DEBUG [mondrian.rolap.aggmatcher.DefaultDef] TableMatch.Matcher.matches: name "USER_XTERNAL_LOC_SUBPARTITIONS" pattern "agg_.+_WI2_ACU008_FACT_TABLE" case_insensitive
2021-05-10 10:41:48,625 DEBUG [mondrian.rolap.aggmatcher.DefaultDef] TableMatch.Matcher.matches: name "USER_XTERNAL_PART_TABLES" pattern "agg_.+_WI2_ACU008_FACT_TABLE" case_insensitive
2021-05-10 10:41:48,625 DEBUG [mondrian.rolap.aggmatcher.DefaultDef] TableMatch.Matcher.matches: name "USER_XTERNAL_TAB_PARTITIONS" pattern "agg_.+_WI2_ACU008_FACT_TABLE" case_insensitive
2021-05-10 10:41:48,625 DEBUG [mondrian.rolap.aggmatcher.DefaultDef] TableMatch.Matcher.matches: name "USER_XTERNAL_TAB_SUBPARTITIONS" pattern "agg_.+_WI2_ACU008_FACT_TABLE" case_insensitive
2021-05-10 10:41:48,625 DEBUG [mondrian.rolap.aggmatcher.DefaultDef] TableMatch.Matcher.matches: name "USER_XT_HIVE_TABLES_VALIDATION" pattern "agg_.+_WI2_ACU008_FACT_TABLE" case_insensitive
2021-05-10 10:41:48,625 DEBUG [mondrian.rolap.aggmatcher.DefaultDef] TableMatch.Matcher.matches: name "USER_ZONEMAPS" pattern "agg_.+_WI2_ACU008_FACT_TABLE" case_insensitive
2021-05-10 10:41:48,625 DEBUG [mondrian.rolap.aggmatcher.DefaultDef] TableMatch.Matcher.matches: name "USER_ZONEMAP_MEASURES" pattern "agg_.+_WI2_ACU008_FACT_TABLE" case_insensitive
2021-05-10 10:41:48,625 DEBUG [mondrian.rolap.aggmatcher.DefaultDef] TableMatch.Matcher.matches: name "UTL_ALL_IND_COMPS" pattern "agg_.+_WI2_ACU008_FACT_TABLE" case_insensitive
2021-05-10 10:41:48,625 DEBUG [mondrian.rolap.aggmatcher.DefaultDef] TableMatch.Matcher.matches: name "VBIRDS" pattern "agg_.+_WI2_ACU008_FACT_TABLE" case_insensitive
2021-05-10 10:41:48,625 DEBUG [mondrian.rolap.aggmatcher.DefaultDef] TableMatch.Matcher.matches: name "VIEW_ARTIKEL" pattern "agg_.+_WI2_ACU008_FACT_TABLE" case_insensitive
2021-05-10 10:41:48,625 DEBUG [mondrian.rolap.aggmatcher.DefaultDef] TableMatch.Matcher.matches: name "VIEW_BESTELLUNG_ALL" pattern "agg_.+_WI2_ACU008_FACT_TABLE" case_insensitive
2021-05-10 10:41:48,625 DEBUG [mondrian.rolap.aggmatcher.DefaultDef] TableMatch.Matcher.matches: name "VIEW_KUNDE" pattern "agg_.+_WI2_ACU008_FACT_TABLE" case_insensitive
2021-05-10 10:41:48,625 DEBUG [mondrian.rolap.aggmatcher.DefaultDef] TableMatch.Matcher.matches: name "VIEW_LIEFERANT" pattern "agg_.+_WI2_ACU008_FACT_TABLE" case_insensitive
2021-05-10 10:41:48,625 DEBUG [mondrian.rolap.aggmatcher.DefaultDef] TableMatch.Matcher.matches: name "VORLESUNGEN" pattern "agg_.+_WI2_ACU008_FACT_TABLE" case_insensitive
2021-05-10 10:41:48,625 DEBUG [mondrian.rolap.aggmatcher.DefaultDef] TableMatch.Matcher.matches: name "V_$ACTIVE_INSTANCES" pattern "agg_.+_WI2_ACU008_FACT_TABLE" case_insensitive
2021-05-10 10:41:48,625 DEBUG [mondrian.rolap.aggmatcher.DefaultDef] TableMatch.Matcher.matches: name "V_$ACTIVE_SESS_POOL_MTH" pattern "agg_.+_WI2_ACU008_FACT_TABLE" case_insensitive
2021-05-10 10:41:48,625 DEBUG [mondrian.rolap.aggmatcher.DefaultDef] TableMatch.Matcher.matches: name "V_$ADVISOR_CURRENT_SQLPLAN" pattern "agg_.+_WI2_ACU008_FACT_TABLE" case_insensitive
2021-05-10 10:41:48,625 DEBUG [mondrian.rolap.aggmatcher.DefaultDef] TableMatch.Matcher.matches: name "V_$ADVISOR_PROGRESS" pattern "agg_.+_WI2_ACU008_FACT_TABLE" case_insensitive
2021-05-10 10:41:48,625 DEBUG [mondrian.rolap.aggmatcher.DefaultDef] TableMatch.Matcher.matches: name "V_$AW_LONGOPS" pattern "agg_.+_WI2_ACU008_FACT_TABLE" case_insensitive
2021-05-10 10:41:48,625 DEBUG [mondrian.rolap.aggmatcher.DefaultDef] TableMatch.Matcher.matches: name "V_$BH" pattern "agg_.+_WI2_ACU008_FACT_TABLE" case_insensitive
2021-05-10 10:41:48,625 DEBUG [mondrian.rolap.aggmatcher.DefaultDef] TableMatch.Matcher.matches: name "V_$BLOCKING_QUIESCE" pattern "agg_.+_WI2_ACU008_FACT_TABLE" case_insensitive
2021-05-10 10:41:48,625 DEBUG [mondrian.rolap.aggmatcher.DefaultDef] TableMatch.Matcher.matches: name "V_$DIAG_CRITICAL_ERROR" pattern "agg_.+_WI2_ACU008_FACT_TABLE" case_insensitive
2021-05-10 10:41:48,625 DEBUG [mondrian.rolap.aggmatcher.DefaultDef] TableMatch.Matcher.matches: name "V_$DIAG_INFO" pattern "agg_.+_WI2_ACU008_FACT_TABLE" case_insensitive
2021-05-10 10:41:48,625 DEBUG [mondrian.rolap.aggmatcher.DefaultDef] TableMatch.Matcher.matches: name "V_$EDITIONABLE_TYPES" pattern "agg_.+_WI2_ACU008_FACT_TABLE" case_insensitive
2021-05-10 10:41:48,625 DEBUG [mondrian.rolap.aggmatcher.DefaultDef] TableMatch.Matcher.matches: name "V_$FLASHBACK_TXN_GRAPH" pattern "agg_.+_WI2_ACU008_FACT_TABLE" case_insensitive
2021-05-10 10:41:48,625 DEBUG [mondrian.rolap.aggmatcher.DefaultDef] TableMatch.Matcher.matches: name "V_$FLASHBACK_TXN_MODS" pattern "agg_.+_WI2_ACU008_FACT_TABLE" case_insensitive
2021-05-10 10:41:48,625 DEBUG [mondrian.rolap.aggmatcher.DefaultDef] TableMatch.Matcher.matches: name "V_$KXFTASK" pattern "agg_.+_WI2_ACU008_FACT_TABLE" case_insensitive
2021-05-10 10:41:48,625 DEBUG [mondrian.rolap.aggmatcher.DefaultDef] TableMatch.Matcher.matches: name "V_$LOADISTAT" pattern "agg_.+_WI2_ACU008_FACT_TABLE" case_insensitive
2021-05-10 10:41:48,625 DEBUG [mondrian.rolap.aggmatcher.DefaultDef] TableMatch.Matcher.matches: name "V_$LOADPSTAT" pattern "agg_.+_WI2_ACU008_FACT_TABLE" case_insensitive
2021-05-10 10:41:48,625 DEBUG [mondrian.rolap.aggmatcher.DefaultDef] TableMatch.Matcher.matches: name "V_$LOCK_ACTIVITY" pattern "agg_.+_WI2_ACU008_FACT_TABLE" case_insensitive
2021-05-10 10:41:48,625 DEBUG [mondrian.rolap.aggmatcher.DefaultDef] TableMatch.Matcher.matches: name "V_$MAX_ACTIVE_SESS_TARGET_MTH" pattern "agg_.+_WI2_ACU008_FACT_TABLE" case_insensitive
2021-05-10 10:41:48,625 DEBUG [mondrian.rolap.aggmatcher.DefaultDef] TableMatch.Matcher.matches: name "V_$NLS_PARAMETERS" pattern "agg_.+_WI2_ACU008_FACT_TABLE" case_insensitive
2021-05-10 10:41:48,625 DEBUG [mondrian.rolap.aggmatcher.DefaultDef] TableMatch.Matcher.matches: name "V_$NLS_VALID_VALUES" pattern "agg_.+_WI2_ACU008_FACT_TABLE" case_insensitive
2021-05-10 10:41:48,625 DEBUG [mondrian.rolap.aggmatcher.DefaultDef] TableMatch.Matcher.matches: name "V_$OPTION" pattern "agg_.+_WI2_ACU008_FACT_TABLE" case_insensitive
2021-05-10 10:41:48,625 DEBUG [mondrian.rolap.aggmatcher.DefaultDef] TableMatch.Matcher.matches: name "V_$PARALLEL_DEGREE_LIMIT_MTH" pattern "agg_.+_WI2_ACU008_FACT_TABLE" case_insensitive
2021-05-10 10:41:48,625 DEBUG [mondrian.rolap.aggmatcher.DefaultDef] TableMatch.Matcher.matches: name "V_$PLSQL_DEBUGGABLE_SESSIONS" pattern "agg_.+_WI2_ACU008_FACT_TABLE" case_insensitive
2021-05-10 10:41:48,625 DEBUG [mondrian.rolap.aggmatcher.DefaultDef] TableMatch.Matcher.matches: name "V_$PQ_SESSTAT" pattern "agg_.+_WI2_ACU008_FACT_TABLE" case_insensitive
2021-05-10 10:41:48,625 DEBUG [mondrian.rolap.aggmatcher.DefaultDef] TableMatch.Matcher.matches: name "V_$PQ_TQSTAT" pattern "agg_.+_WI2_ACU008_FACT_TABLE" case_insensitive
2021-05-10 10:41:48,625 DEBUG [mondrian.rolap.aggmatcher.DefaultDef] TableMatch.Matcher.matches: name "V_$QUEUEING_MTH" pattern "agg_.+_WI2_ACU008_FACT_TABLE" case_insensitive
2021-05-10 10:41:48,625 DEBUG [mondrian.rolap.aggmatcher.DefaultDef] TableMatch.Matcher.matches: name "V_$REPLAY_CONTEXT" pattern "agg_.+_WI2_ACU008_FACT_TABLE" case_insensitive
2021-05-10 10:41:48,625 DEBUG [mondrian.rolap.aggmatcher.DefaultDef] TableMatch.Matcher.matches: name "V_$REPLAY_CONTEXT_LOB" pattern "agg_.+_WI2_ACU008_FACT_TABLE" case_insensitive
2021-05-10 10:41:48,625 DEBUG [mondrian.rolap.aggmatcher.DefaultDef] TableMatch.Matcher.matches: name "V_$REPLAY_CONTEXT_SEQUENCE" pattern "agg_.+_WI2_ACU008_FACT_TABLE" case_insensitive
2021-05-10 10:41:48,625 DEBUG [mondrian.rolap.aggmatcher.DefaultDef] TableMatch.Matcher.matches: name "V_$REPLAY_CONTEXT_SYSDATE" pattern "agg_.+_WI2_ACU008_FACT_TABLE" case_insensitive
2021-05-10 10:41:48,625 DEBUG [mondrian.rolap.aggmatcher.DefaultDef] TableMatch.Matcher.matches: name "V_$REPLAY_CONTEXT_SYSGUID" pattern "agg_.+_WI2_ACU008_FACT_TABLE" case_insensitive
2021-05-10 10:41:48,625 DEBUG [mondrian.rolap.aggmatcher.DefaultDef] TableMatch.Matcher.matches: name "V_$REPLAY_CONTEXT_SYSTIMESTAMP" pattern "agg_.+_WI2_ACU008_FACT_TABLE" case_insensitive
2021-05-10 10:41:48,625 DEBUG [mondrian.rolap.aggmatcher.DefaultDef] TableMatch.Matcher.matches: name "V_$RESTORE_POINT" pattern "agg_.+_WI2_ACU008_FACT_TABLE" case_insensitive
2021-05-10 10:41:48,625 DEBUG [mondrian.rolap.aggmatcher.DefaultDef] TableMatch.Matcher.matches: name "V_$RSRC_CONSUMER_GROUP" pattern "agg_.+_WI2_ACU008_FACT_TABLE" case_insensitive
2021-05-10 10:41:48,625 DEBUG [mondrian.rolap.aggmatcher.DefaultDef] TableMatch.Matcher.matches: name "V_$RSRC_CONSUMER_GROUP_CPU_MTH" pattern "agg_.+_WI2_ACU008_FACT_TABLE" case_insensitive
2021-05-10 10:41:48,625 DEBUG [mondrian.rolap.aggmatcher.DefaultDef] TableMatch.Matcher.matches: name "V_$RSRC_CONS_GROUP_HISTORY" pattern "agg_.+_WI2_ACU008_FACT_TABLE" case_insensitive
2021-05-10 10:41:48,625 DEBUG [mondrian.rolap.aggmatcher.DefaultDef] TableMatch.Matcher.matches: name "V_$RSRC_PLAN" pattern "agg_.+_WI2_ACU008_FACT_TABLE" case_insensitive
2021-05-10 10:41:48,625 DEBUG [mondrian.rolap.aggmatcher.DefaultDef] TableMatch.Matcher.matches: name "V_$RSRC_PLAN_CPU_MTH" pattern "agg_.+_WI2_ACU008_FACT_TABLE" case_insensitive
2021-05-10 10:41:48,625 DEBUG [mondrian.rolap.aggmatcher.DefaultDef] TableMatch.Matcher.matches: name "V_$RSRC_PLAN_HISTORY" pattern "agg_.+_WI2_ACU008_FACT_TABLE" case_insensitive
2021-05-10 10:41:48,625 DEBUG [mondrian.rolap.aggmatcher.DefaultDef] TableMatch.Matcher.matches: name "V_$RSRC_SESSION_INFO" pattern "agg_.+_WI2_ACU008_FACT_TABLE" case_insensitive
2021-05-10 10:41:48,625 DEBUG [mondrian.rolap.aggmatcher.DefaultDef] TableMatch.Matcher.matches: name "V_$SESSION_CONNECT_INFO" pattern "agg_.+_WI2_ACU008_FACT_TABLE" case_insensitive
2021-05-10 10:41:48,625 DEBUG [mondrian.rolap.aggmatcher.DefaultDef] TableMatch.Matcher.matches: name "V_$SESSION_LONGOPS" pattern "agg_.+_WI2_ACU008_FACT_TABLE" case_insensitive
2021-05-10 10:41:48,625 DEBUG [mondrian.rolap.aggmatcher.DefaultDef] TableMatch.Matcher.matches: name "V_$SQLFN_ARG_METADATA" pattern "agg_.+_WI2_ACU008_FACT_TABLE" case_insensitive
2021-05-10 10:41:48,625 DEBUG [mondrian.rolap.aggmatcher.DefaultDef] TableMatch.Matcher.matches: name "V_$SQLFN_METADATA" pattern "agg_.+_WI2_ACU008_FACT_TABLE" case_insensitive
2021-05-10 10:41:48,625 DEBUG [mondrian.rolap.aggmatcher.DefaultDef] TableMatch.Matcher.matches: name "V_$SQLPA_METRIC" pattern "agg_.+_WI2_ACU008_FACT_TABLE" case_insensitive
2021-05-10 10:41:48,625 DEBUG [mondrian.rolap.aggmatcher.DefaultDef] TableMatch.Matcher.matches: name "V_$TEMPORARY_LOBS" pattern "agg_.+_WI2_ACU008_FACT_TABLE" case_insensitive
2021-05-10 10:41:48,625 DEBUG [mondrian.rolap.aggmatcher.DefaultDef] TableMatch.Matcher.matches: name "V_$TIMEZONE_FILE" pattern "agg_.+_WI2_ACU008_FACT_TABLE" case_insensitive
2021-05-10 10:41:48,625 DEBUG [mondrian.rolap.aggmatcher.DefaultDef] TableMatch.Matcher.matches: name "V_$TIMEZONE_NAMES" pattern "agg_.+_WI2_ACU008_FACT_TABLE" case_insensitive
2021-05-10 10:41:48,625 DEBUG [mondrian.rolap.aggmatcher.DefaultDef] TableMatch.Matcher.matches: name "V_$VERSION" pattern "agg_.+_WI2_ACU008_FACT_TABLE" case_insensitive
2021-05-10 10:41:48,625 DEBUG [mondrian.rolap.aggmatcher.DefaultDef] TableMatch.Matcher.matches: name "V_$XS_SESSION_NS_ATTRIBUTES" pattern "agg_.+_WI2_ACU008_FACT_TABLE" case_insensitive
2021-05-10 10:41:48,625 DEBUG [mondrian.rolap.aggmatcher.DefaultDef] TableMatch.Matcher.matches: name "V_$XS_SESSION_ROLES" pattern "agg_.+_WI2_ACU008_FACT_TABLE" case_insensitive
2021-05-10 10:41:48,625 DEBUG [mondrian.rolap.aggmatcher.DefaultDef] TableMatch.Matcher.matches: name "V_ARTICLES" pattern "agg_.+_WI2_ACU008_FACT_TABLE" case_insensitive
2021-05-10 10:41:48,625 DEBUG [mondrian.rolap.aggmatcher.DefaultDef] TableMatch.Matcher.matches: name "V_INSERT" pattern "agg_.+_WI2_ACU008_FACT_TABLE" case_insensitive
2021-05-10 10:41:48,625 DEBUG [mondrian.rolap.aggmatcher.DefaultDef] TableMatch.Matcher.matches: name "WI2_ACS510_CUSTOMER" pattern "agg_.+_WI2_ACU008_FACT_TABLE" case_insensitive
2021-05-10 10:41:48,625 DEBUG [mondrian.rolap.aggmatcher.DefaultDef] TableMatch.Matcher.matches: name "WI2_ACS510_PRODUCT" pattern "agg_.+_WI2_ACU008_FACT_TABLE" case_insensitive
2021-05-10 10:41:48,625 DEBUG [mondrian.rolap.aggmatcher.DefaultDef] TableMatch.Matcher.matches: name "WI2_ACS510_TIME" pattern "agg_.+_WI2_ACU008_FACT_TABLE" case_insensitive
2021-05-10 10:41:48,625 DEBUG [mondrian.rolap.aggmatcher.DefaultDef] TableMatch.Matcher.matches: name "WI2_ACU008_CUSTOMER" pattern "agg_.+_WI2_ACU008_FACT_TABLE" case_insensitive
2021-05-10 10:41:48,625 DEBUG [mondrian.rolap.aggmatcher.DefaultDef] TableMatch.Matcher.matches: name "WI2_ACU008_FACT_TABLE" pattern "agg_.+_WI2_ACU008_FACT_TABLE" case_insensitive
2021-05-10 10:41:48,625 DEBUG [mondrian.rolap.aggmatcher.DefaultDef] TableMatch.Matcher.matches: name "WI2_ACU008_PRODUCT" pattern "agg_.+_WI2_ACU008_FACT_TABLE" case_insensitive
2021-05-10 10:41:48,625 DEBUG [mondrian.rolap.aggmatcher.DefaultDef] TableMatch.Matcher.matches: name "WI2_ACU008_TIME" pattern "agg_.+_WI2_ACU008_FACT_TABLE" case_insensitive
2021-05-10 10:41:48,625 DEBUG [mondrian.rolap.aggmatcher.DefaultDef] TableMatch.Matcher.matches: name "WI2_ERP10V3_DOKKOPF" pattern "agg_.+_WI2_ACU008_FACT_TABLE" case_insensitive
2021-05-10 10:41:48,625 DEBUG [mondrian.rolap.aggmatcher.DefaultDef] TableMatch.Matcher.matches: name "WI2_ERP10V3_DOKPOS" pattern "agg_.+_WI2_ACU008_FACT_TABLE" case_insensitive
2021-05-10 10:41:48,625 DEBUG [mondrian.rolap.aggmatcher.DefaultDef] TableMatch.Matcher.matches: name "WI2_ERP10V3_KUNDENSTAMM" pattern "agg_.+_WI2_ACU008_FACT_TABLE" case_insensitive
2021-05-10 10:41:48,625 DEBUG [mondrian.rolap.aggmatcher.DefaultDef] TableMatch.Matcher.matches: name "WI2_ERP10V3_MATERIALSTAMM" pattern "agg_.+_WI2_ACU008_FACT_TABLE" case_insensitive
2021-05-10 10:41:48,625 DEBUG [mondrian.rolap.aggmatcher.DefaultDef] TableMatch.Matcher.matches: name "WI2_OLTP_DOKKOPF" pattern "agg_.+_WI2_ACU008_FACT_TABLE" case_insensitive
2021-05-10 10:41:48,625 DEBUG [mondrian.rolap.aggmatcher.DefaultDef] TableMatch.Matcher.matches: name "WI2_OLTP_DOKPOS" pattern "agg_.+_WI2_ACU008_FACT_TABLE" case_insensitive
2021-05-10 10:41:48,625 DEBUG [mondrian.rolap.aggmatcher.DefaultDef] TableMatch.Matcher.matches: name "WI2_OLTP_KUNDENSTAMM" pattern "agg_.+_WI2_ACU008_FACT_TABLE" case_insensitive
2021-05-10 10:41:48,625 DEBUG [mondrian.rolap.aggmatcher.DefaultDef] TableMatch.Matcher.matches: name "WI2_OLTP_MATERIALSTAMM" pattern "agg_.+_WI2_ACU008_FACT_TABLE" case_insensitive
2021-05-10 10:41:48,625 DEBUG [mondrian.rolap.aggmatcher.DefaultDef] TableMatch.Matcher.matches: name "WM_EVENTS_INFO" pattern "agg_.+_WI2_ACU008_FACT_TABLE" case_insensitive
2021-05-10 10:41:48,625 DEBUG [mondrian.rolap.aggmatcher.DefaultDef] TableMatch.Matcher.matches: name "WM_INSTALLATION" pattern "agg_.+_WI2_ACU008_FACT_TABLE" case_insensitive
2021-05-10 10:41:48,625 DEBUG [mondrian.rolap.aggmatcher.DefaultDef] TableMatch.Matcher.matches: name "WM_REPLICATION_INFO" pattern "agg_.+_WI2_ACU008_FACT_TABLE" case_insensitive
2021-05-10 10:41:48,625 DEBUG [mondrian.rolap.aggmatcher.DefaultDef] TableMatch.Matcher.matches: name "WP_PI_BLOCKED_CREDITORS" pattern "agg_.+_WI2_ACU008_FACT_TABLE" case_insensitive
2021-05-10 10:41:48,625 DEBUG [mondrian.rolap.aggmatcher.DefaultDef] TableMatch.Matcher.matches: name "WP_PI_INVOICES_APPROVED" pattern "agg_.+_WI2_ACU008_FACT_TABLE" case_insensitive
2021-05-10 10:41:48,625 DEBUG [mondrian.rolap.aggmatcher.DefaultDef] TableMatch.Matcher.matches: name "WP_PI_INVOICES_REJECTED" pattern "agg_.+_WI2_ACU008_FACT_TABLE" case_insensitive
2021-05-10 10:41:48,625 DEBUG [mondrian.rolap.aggmatcher.DefaultDef] TableMatch.Matcher.matches: name "WRI$_ADV_ASA_RECO_DATA" pattern "agg_.+_WI2_ACU008_FACT_TABLE" case_insensitive
2021-05-10 10:41:48,625 DEBUG [mondrian.rolap.aggmatcher.DefaultDef] TableMatch.Matcher.matches: name "WRI$_HEATMAP_TOPN_DEP1" pattern "agg_.+_WI2_ACU008_FACT_TABLE" case_insensitive
2021-05-10 10:41:48,625 DEBUG [mondrian.rolap.aggmatcher.DefaultDef] TableMatch.Matcher.matches: name "WRI$_HEATMAP_TOPN_DEP2" pattern "agg_.+_WI2_ACU008_FACT_TABLE" case_insensitive
2021-05-10 10:41:48,625 DEBUG [mondrian.rolap.aggmatcher.DefaultDef] TableMatch.Matcher.matches: name "WRR$_REPLAY_CALL_FILTER" pattern "agg_.+_WI2_ACU008_FACT_TABLE" case_insensitive
2021-05-10 10:41:48,625 DEBUG [mondrian.rolap.aggmatcher.DefaultDef] TableMatch.Matcher.matches: name "WWV_FLOW_APPL_COMPONENT_TYPES" pattern "agg_.+_WI2_ACU008_FACT_TABLE" case_insensitive
2021-05-10 10:41:48,625 DEBUG [mondrian.rolap.aggmatcher.DefaultDef] TableMatch.Matcher.matches: name "WWV_FLOW_APPL_EXPORT_COMPS" pattern "agg_.+_WI2_ACU008_FACT_TABLE" case_insensitive
2021-05-10 10:41:48,625 DEBUG [mondrian.rolap.aggmatcher.DefaultDef] TableMatch.Matcher.matches: name "WWV_FLOW_CLICKTHRU_LOG" pattern "agg_.+_WI2_ACU008_FACT_TABLE" case_insensitive
2021-05-10 10:41:48,625 DEBUG [mondrian.rolap.aggmatcher.DefaultDef] TableMatch.Matcher.matches: name "WWV_FLOW_COLLECTIONS" pattern "agg_.+_WI2_ACU008_FACT_TABLE" case_insensitive
2021-05-10 10:41:48,625 DEBUG [mondrian.rolap.aggmatcher.DefaultDef] TableMatch.Matcher.matches: name "WWV_FLOW_DUAL100" pattern "agg_.+_WI2_ACU008_FACT_TABLE" case_insensitive
2021-05-10 10:41:48,625 DEBUG [mondrian.rolap.aggmatcher.DefaultDef] TableMatch.Matcher.matches: name "WWV_FLOW_FEEDBACK_TYPES" pattern "agg_.+_WI2_ACU008_FACT_TABLE" case_insensitive
2021-05-10 10:41:48,625 DEBUG [mondrian.rolap.aggmatcher.DefaultDef] TableMatch.Matcher.matches: name "WWV_FLOW_FILES" pattern "agg_.+_WI2_ACU008_FACT_TABLE" case_insensitive
2021-05-10 10:41:48,625 DEBUG [mondrian.rolap.aggmatcher.DefaultDef] TableMatch.Matcher.matches: name "WWV_FLOW_GROUP_USERS" pattern "agg_.+_WI2_ACU008_FACT_TABLE" case_insensitive
2021-05-10 10:41:48,625 DEBUG [mondrian.rolap.aggmatcher.DefaultDef] TableMatch.Matcher.matches: name "WWV_FLOW_HOURS_12" pattern "agg_.+_WI2_ACU008_FACT_TABLE" case_insensitive
2021-05-10 10:41:48,625 DEBUG [mondrian.rolap.aggmatcher.DefaultDef] TableMatch.Matcher.matches: name "WWV_FLOW_HOURS_24" pattern "agg_.+_WI2_ACU008_FACT_TABLE" case_insensitive
2021-05-10 10:41:48,625 DEBUG [mondrian.rolap.aggmatcher.DefaultDef] TableMatch.Matcher.matches: name "WWV_FLOW_LISTS_OF_VALUES$_V" pattern "agg_.+_WI2_ACU008_FACT_TABLE" case_insensitive
2021-05-10 10:41:48,625 DEBUG [mondrian.rolap.aggmatcher.DefaultDef] TableMatch.Matcher.matches: name "WWV_FLOW_LIST_OF_VALUES_DATA_V" pattern "agg_.+_WI2_ACU008_FACT_TABLE" case_insensitive
2021-05-10 10:41:48,625 DEBUG [mondrian.rolap.aggmatcher.DefaultDef] TableMatch.Matcher.matches: name "WWV_FLOW_MINUTES" pattern "agg_.+_WI2_ACU008_FACT_TABLE" case_insensitive
2021-05-10 10:41:48,625 DEBUG [mondrian.rolap.aggmatcher.DefaultDef] TableMatch.Matcher.matches: name "WWV_FLOW_MINUTES_5" pattern "agg_.+_WI2_ACU008_FACT_TABLE" case_insensitive
2021-05-10 10:41:48,625 DEBUG [mondrian.rolap.aggmatcher.DefaultDef] TableMatch.Matcher.matches: name "WWV_FLOW_MONTHS_MON" pattern "agg_.+_WI2_ACU008_FACT_TABLE" case_insensitive
2021-05-10 10:41:48,625 DEBUG [mondrian.rolap.aggmatcher.DefaultDef] TableMatch.Matcher.matches: name "WWV_FLOW_MONTHS_MONTH" pattern "agg_.+_WI2_ACU008_FACT_TABLE" case_insensitive
2021-05-10 10:41:48,625 DEBUG [mondrian.rolap.aggmatcher.DefaultDef] TableMatch.Matcher.matches: name "WWV_FLOW_PLSQL_JOBS" pattern "agg_.+_WI2_ACU008_FACT_TABLE" case_insensitive
2021-05-10 10:41:48,625 DEBUG [mondrian.rolap.aggmatcher.DefaultDef] TableMatch.Matcher.matches: name "WWV_FLOW_TEMP_FILES" pattern "agg_.+_WI2_ACU008_FACT_TABLE" case_insensitive
2021-05-10 10:41:48,625 DEBUG [mondrian.rolap.aggmatcher.DefaultDef] TableMatch.Matcher.matches: name "WWV_FLOW_USERS" pattern "agg_.+_WI2_ACU008_FACT_TABLE" case_insensitive
2021-05-10 10:41:48,625 DEBUG [mondrian.rolap.aggmatcher.DefaultDef] TableMatch.Matcher.matches: name "WWV_FLOW_USER_ACCESS_LOG" pattern "agg_.+_WI2_ACU008_FACT_TABLE" case_insensitive
2021-05-10 10:41:48,625 DEBUG [mondrian.rolap.aggmatcher.DefaultDef] TableMatch.Matcher.matches: name "WWV_FLOW_USER_ACTIVITY_LOG" pattern "agg_.+_WI2_ACU008_FACT_TABLE" case_insensitive
2021-05-10 10:41:48,625 DEBUG [mondrian.rolap.aggmatcher.DefaultDef] TableMatch.Matcher.matches: name "WWV_FLOW_USER_MAIL_ATTACHMENTS" pattern "agg_.+_WI2_ACU008_FACT_TABLE" case_insensitive
2021-05-10 10:41:48,625 DEBUG [mondrian.rolap.aggmatcher.DefaultDef] TableMatch.Matcher.matches: name "WWV_FLOW_USER_MAIL_LOG" pattern "agg_.+_WI2_ACU008_FACT_TABLE" case_insensitive
2021-05-10 10:41:48,625 DEBUG [mondrian.rolap.aggmatcher.DefaultDef] TableMatch.Matcher.matches: name "WWV_FLOW_USER_MAIL_QUEUE" pattern "agg_.+_WI2_ACU008_FACT_TABLE" case_insensitive
2021-05-10 10:41:48,625 DEBUG [mondrian.rolap.aggmatcher.DefaultDef] TableMatch.Matcher.matches: name "WWV_FLOW_YEARS" pattern "agg_.+_WI2_ACU008_FACT_TABLE" case_insensitive
2021-05-10 10:41:48,625 DEBUG [mondrian.rolap.aggmatcher.DefaultDef] TableMatch.Matcher.matches: name "XDB$ACL" pattern "agg_.+_WI2_ACU008_FACT_TABLE" case_insensitive
2021-05-10 10:41:48,625 DEBUG [mondrian.rolap.aggmatcher.DefaultDef] TableMatch.Matcher.matches: name "XDB$ALL_MODEL" pattern "agg_.+_WI2_ACU008_FACT_TABLE" case_insensitive
2021-05-10 10:41:48,625 DEBUG [mondrian.rolap.aggmatcher.DefaultDef] TableMatch.Matcher.matches: name "XDB$ANY" pattern "agg_.+_WI2_ACU008_FACT_TABLE" case_insensitive
2021-05-10 10:41:48,625 DEBUG [mondrian.rolap.aggmatcher.DefaultDef] TableMatch.Matcher.matches: name "XDB$ANYATTR" pattern "agg_.+_WI2_ACU008_FACT_TABLE" case_insensitive
2021-05-10 10:41:48,625 DEBUG [mondrian.rolap.aggmatcher.DefaultDef] TableMatch.Matcher.matches: name "XDB$ATTRGROUP_DEF" pattern "agg_.+_WI2_ACU008_FACT_TABLE" case_insensitive
2021-05-10 10:41:48,625 DEBUG [mondrian.rolap.aggmatcher.DefaultDef] TableMatch.Matcher.matches: name "XDB$ATTRGROUP_REF" pattern "agg_.+_WI2_ACU008_FACT_TABLE" case_insensitive
2021-05-10 10:41:48,625 DEBUG [mondrian.rolap.aggmatcher.DefaultDef] TableMatch.Matcher.matches: name "XDB$ATTRIBUTE" pattern "agg_.+_WI2_ACU008_FACT_TABLE" case_insensitive
2021-05-10 10:41:48,625 DEBUG [mondrian.rolap.aggmatcher.DefaultDef] TableMatch.Matcher.matches: name "XDB$CHOICE_MODEL" pattern "agg_.+_WI2_ACU008_FACT_TABLE" case_insensitive
2021-05-10 10:41:48,625 DEBUG [mondrian.rolap.aggmatcher.DefaultDef] TableMatch.Matcher.matches: name "XDB$COMPLEX_TYPE" pattern "agg_.+_WI2_ACU008_FACT_TABLE" case_insensitive
2021-05-10 10:41:48,625 DEBUG [mondrian.rolap.aggmatcher.DefaultDef] TableMatch.Matcher.matches: name "XDB$ELEMENT" pattern "agg_.+_WI2_ACU008_FACT_TABLE" case_insensitive
2021-05-10 10:41:48,625 DEBUG [mondrian.rolap.aggmatcher.DefaultDef] TableMatch.Matcher.matches: name "XDB$GROUP_DEF" pattern "agg_.+_WI2_ACU008_FACT_TABLE" case_insensitive
2021-05-10 10:41:48,625 DEBUG [mondrian.rolap.aggmatcher.DefaultDef] TableMatch.Matcher.matches: name "XDB$GROUP_REF" pattern "agg_.+_WI2_ACU008_FACT_TABLE" case_insensitive
2021-05-10 10:41:48,625 DEBUG [mondrian.rolap.aggmatcher.DefaultDef] TableMatch.Matcher.matches: name "XDB$IMPORT_NM_INFO" pattern "agg_.+_WI2_ACU008_FACT_TABLE" case_insensitive
2021-05-10 10:41:48,625 DEBUG [mondrian.rolap.aggmatcher.DefaultDef] TableMatch.Matcher.matches: name "XDB$IMPORT_PT_INFO" pattern "agg_.+_WI2_ACU008_FACT_TABLE" case_insensitive
2021-05-10 10:41:48,625 DEBUG [mondrian.rolap.aggmatcher.DefaultDef] TableMatch.Matcher.matches: name "XDB$IMPORT_QN_INFO" pattern "agg_.+_WI2_ACU008_FACT_TABLE" case_insensitive
2021-05-10 10:41:48,625 DEBUG [mondrian.rolap.aggmatcher.DefaultDef] TableMatch.Matcher.matches: name "XDB$IMPORT_TT_INFO" pattern "agg_.+_WI2_ACU008_FACT_TABLE" case_insensitive
2021-05-10 10:41:48,625 DEBUG [mondrian.rolap.aggmatcher.DefaultDef] TableMatch.Matcher.matches: name "XDB$RCLIST_V" pattern "agg_.+_WI2_ACU008_FACT_TABLE" case_insensitive
2021-05-10 10:41:48,625 DEBUG [mondrian.rolap.aggmatcher.DefaultDef] TableMatch.Matcher.matches: name "XDB$RESCONFIG" pattern "agg_.+_WI2_ACU008_FACT_TABLE" case_insensitive
2021-05-10 10:41:48,625 DEBUG [mondrian.rolap.aggmatcher.DefaultDef] TableMatch.Matcher.matches: name "XDB$ROOT_INFO_V" pattern "agg_.+_WI2_ACU008_FACT_TABLE" case_insensitive
2021-05-10 10:41:48,625 DEBUG [mondrian.rolap.aggmatcher.DefaultDef] TableMatch.Matcher.matches: name "XDB$SCHEMA" pattern "agg_.+_WI2_ACU008_FACT_TABLE" case_insensitive
2021-05-10 10:41:48,625 DEBUG [mondrian.rolap.aggmatcher.DefaultDef] TableMatch.Matcher.matches: name "XDB$SEQUENCE_MODEL" pattern "agg_.+_WI2_ACU008_FACT_TABLE" case_insensitive
2021-05-10 10:41:48,625 DEBUG [mondrian.rolap.aggmatcher.DefaultDef] TableMatch.Matcher.matches: name "XDB$SIMPLE_TYPE" pattern "agg_.+_WI2_ACU008_FACT_TABLE" case_insensitive
2021-05-10 10:41:48,625 DEBUG [mondrian.rolap.aggmatcher.DefaultDef] TableMatch.Matcher.matches: name "XDB$XIDX_IMP_T" pattern "agg_.+_WI2_ACU008_FACT_TABLE" case_insensitive
2021-05-10 10:41:48,625 DEBUG [mondrian.rolap.aggmatcher.DefaultDef] TableMatch.Matcher.matches: name "XDB_INDEX_DDL_CACHE" pattern "agg_.+_WI2_ACU008_FACT_TABLE" case_insensitive
2021-05-10 10:41:48,625 DEBUG [mondrian.rolap.aggmatcher.DefaultDef] TableMatch.Matcher.matches: name "XDB_REALM_VIEW" pattern "agg_.+_WI2_ACU008_FACT_TABLE" case_insensitive
2021-05-10 10:41:48,625 DEBUG [mondrian.rolap.aggmatcher.DefaultDef] TableMatch.Matcher.matches: name "XDS_ACE" pattern "agg_.+_WI2_ACU008_FACT_TABLE" case_insensitive
2021-05-10 10:41:48,625 DEBUG [mondrian.rolap.aggmatcher.DefaultDef] TableMatch.Matcher.matches: name "XDS_ACL" pattern "agg_.+_WI2_ACU008_FACT_TABLE" case_insensitive
2021-05-10 10:41:48,625 DEBUG [mondrian.rolap.aggmatcher.DefaultDef] TableMatch.Matcher.matches: name "XS$VALIDATION_TABLE" pattern "agg_.+_WI2_ACU008_FACT_TABLE" case_insensitive
2021-05-10 10:41:48,625 DEBUG [mondrian.rolap.aggmatcher.DefaultDef] TableMatch.Matcher.matches: name "ZEIT" pattern "agg_.+_WI2_ACU008_FACT_TABLE" case_insensitive
2021-05-10 10:41:48,625 DEBUG [mondrian.rolap.aggmatcher.DefaultDef] TableMatch.Matcher.matches: name "_ALL_FILE_GROUPS" pattern "agg_.+_WI2_ACU008_FACT_TABLE" case_insensitive
2021-05-10 10:41:48,625 DEBUG [mondrian.rolap.aggmatcher.DefaultDef] TableMatch.Matcher.matches: name "_ALL_FILE_GROUP_EXPORT_INFO" pattern "agg_.+_WI2_ACU008_FACT_TABLE" case_insensitive
2021-05-10 10:41:48,625 DEBUG [mondrian.rolap.aggmatcher.DefaultDef] TableMatch.Matcher.matches: name "_ALL_FILE_GROUP_FILES" pattern "agg_.+_WI2_ACU008_FACT_TABLE" case_insensitive
2021-05-10 10:41:48,625 DEBUG [mondrian.rolap.aggmatcher.DefaultDef] TableMatch.Matcher.matches: name "_ALL_FILE_GROUP_TABLES" pattern "agg_.+_WI2_ACU008_FACT_TABLE" case_insensitive
2021-05-10 10:41:48,625 DEBUG [mondrian.rolap.aggmatcher.DefaultDef] TableMatch.Matcher.matches: name "_ALL_FILE_GROUP_TABLESPACES" pattern "agg_.+_WI2_ACU008_FACT_TABLE" case_insensitive
2021-05-10 10:41:48,625 DEBUG [mondrian.rolap.aggmatcher.DefaultDef] TableMatch.Matcher.matches: name "_ALL_FILE_GROUP_VERSIONS" pattern "agg_.+_WI2_ACU008_FACT_TABLE" case_insensitive
2021-05-10 10:41:48,625 DEBUG [mondrian.rolap.aggmatcher.DefaultDef] TableMatch.Matcher.matches: name "_ALL_GG_AUTO_CDR_TABLES" pattern "agg_.+_WI2_ACU008_FACT_TABLE" case_insensitive
2021-05-10 10:41:48,625 DEBUG [mondrian.rolap.aggmatcher.DefaultDef] TableMatch.Matcher.matches: name "_ALL_QUEUE_CACHED_MESSAGES" pattern "agg_.+_WI2_ACU008_FACT_TABLE" case_insensitive
2021-05-10 10:41:48,625 DEBUG [mondrian.rolap.aggmatcher.DefaultDef] TableMatch.Matcher.matches: name "_ALL_SQLSET_STATEMENTS_ONLY" pattern "agg_.+_WI2_ACU008_FACT_TABLE" case_insensitive
2021-05-10 10:41:48,625 DEBUG [mondrian.rolap.aggmatcher.DefaultDef] TableMatch.Matcher.matches: name "_ALL_SQLSET_STATEMENTS_PHV" pattern "agg_.+_WI2_ACU008_FACT_TABLE" case_insensitive
2021-05-10 10:41:48,625 DEBUG [mondrian.rolap.aggmatcher.DefaultDef] TableMatch.Matcher.matches: name "_ALL_SQLSET_STATISTICS_ONLY" pattern "agg_.+_WI2_ACU008_FACT_TABLE" case_insensitive
2021-05-10 10:41:48,625 DEBUG [mondrian.rolap.aggmatcher.DefaultDef] TableMatch.Matcher.matches: name "_ALL_SQLSET_STS_TOPACK" pattern "agg_.+_WI2_ACU008_FACT_TABLE" case_insensitive
2021-05-10 10:41:48,625 DEBUG [mondrian.rolap.aggmatcher.DefaultDef] TableMatch.Matcher.matches: name "_REPORT_COMPONENT_OBJECTS" pattern "agg_.+_WI2_ACU008_FACT_TABLE" case_insensitive
2021-05-10 10:41:48,625 DEBUG [mondrian.rolap.aggmatcher.DefaultDef] TableMatch.Matcher.matches: name "_REPORT_FORMATS" pattern "agg_.+_WI2_ACU008_FACT_TABLE" case_insensitive
2021-05-10 10:41:48,625 DEBUG [mondrian.rolap.aggmatcher.DefaultDef] TableMatch.Matcher.matches: name "_USER_COMPARISON_ROW_DIF" pattern "agg_.+_WI2_ACU008_FACT_TABLE" case_insensitive
2021-05-10 10:41:48,625 DEBUG [mondrian.rolap.aggmatcher.DefaultDef] TableMatch.Matcher.matches: name "_user_stat" pattern "agg_.+_WI2_ACU008_FACT_TABLE" case_insensitive
2021-05-10 10:41:48,625 DEBUG [mondrian.rolap.aggmatcher.DefaultDef] TableMatch.Matcher.matches: name "_user_stat_varray" pattern "agg_.+_WI2_ACU008_FACT_TABLE" case_insensitive
2021-05-10 10:41:48,625 DEBUG [mondrian.rolap.aggmatcher.AggTableManager] 
RolapStar:
  Table:
    alias=WI2_ACU008_FACT_TABLE
    relation=WI2_ACU008_FACT_TABLE
    Columns:
      REVENUE (14): sum("WI2_ACU008_FACT_TABLE"."REVENUE")
      DISCOUNT (15): sum("WI2_ACU008_FACT_TABLE"."DISCOUNT")
      COSTOFGOODSSOLD (16): sum("WI2_ACU008_FACT_TABLE"."COGS")
      SALESQUANTITY (17): sum("WI2_ACU008_FACT_TABLE"."SALESQUANTITY")
      NOOFSALESORDERS (18): sum("WI2_ACU008_FACT_TABLE"."NOOFSALESORDERS")
      Fact Count (19): count(null)
    Table:
      alias=WI2_ACU008_TIME
      relation=ACU008.WI2_ACU008_TIME
      Columns:
        YEAR (0): "WI2_ACU008_TIME"."T_YEAR"
        MONTH (1): "WI2_ACU008_TIME"."T_MONTH"
        DAY (2): "WI2_ACU008_TIME"."T_DAY"
        TIME (3): "WI2_ACU008_TIME"."T_ID"
      Condition:
        left="WI2_ACU008_FACT_TABLE"."FACT_T_ID"
        right="WI2_ACU008_TIME"."T_ID"
    Table:
      alias=WI2_ACU008_CUSTOMER
      relation=ACU008.WI2_ACU008_CUSTOMER
      Columns:
        COUNTRY (4): "WI2_ACU008_CUSTOMER"."C_LAND"
        SALESORGCURRENT (5): "WI2_ACU008_CUSTOMER"."C_SALESORGCURRENT"
        CITY (6): "WI2_ACU008_CUSTOMER"."C_CITY"
        CUSTOMER (7): "WI2_ACU008_CUSTOMER"."C_DESC"
        CUSTOMER (Key) (8): "WI2_ACU008_CUSTOMER"."C_ID"
      Condition:
        left="WI2_ACU008_FACT_TABLE"."FACT_C_ID"
        right="WI2_ACU008_CUSTOMER"."C_ID"
    Table:
      alias=WI2_ACU008_PRODUCT
      relation=ACU008.WI2_ACU008_PRODUCT
      Columns:
        PRODUCT_CATEGORY (9): "WI2_ACU008_PRODUCT"."P_CATEGORY"
        PRODUCT_CATEGORY (Key) (10): "WI2_ACU008_PRODUCT"."P_CATEGORYID"
        DIVISION (11): "WI2_ACU008_PRODUCT"."P_DIVISION"
        PRODUCT (12): "WI2_ACU008_PRODUCT"."P_DESC"
        PRODUCT (Key) (13): "WI2_ACU008_PRODUCT"."P_ID"
      Condition:
        left="WI2_ACU008_FACT_TABLE"."FACT_P_ID"
        right="WI2_ACU008_PRODUCT"."P_ID"
  AggStar:AGG_2_WI2_ACU008_FACT_TABLE
     bk=0x0000000000000000000000000000000000000000000001111100010111110011
    fbk=0x0000000000000000000000000000000000000000000000000000010111110011
    mbk=0x0000000000000000000000000000000000000000000001111100000000000000
    has foreign key=true
    [SALESQUANTITY] (17): sum("AGG_2_WI2_ACU008_FACT_TABLE"."SUM_SALESQUANTITY")
    [DISCOUNT] (15): sum("AGG_2_WI2_ACU008_FACT_TABLE"."SUM_DISCOUNT")
    [NOOFSALESORDERS] (18): sum("AGG_2_WI2_ACU008_FACT_TABLE"."SUM_NOOFSALESORDERS")
    [COSTOFGOODSSOLD] (16): sum("AGG_2_WI2_ACU008_FACT_TABLE"."SUM_COGS")
    [REVENUE] (14): sum("AGG_2_WI2_ACU008_FACT_TABLE"."SUM_REVENUE")
    YEAR (0): "AGG_2_WI2_ACU008_FACT_TABLE"."time_year"
    PRODUCT_CATEGORY (10): "AGG_2_WI2_ACU008_FACT_TABLE"."product_p_categoryid"
    MONTH (1): "AGG_2_WI2_ACU008_FACT_TABLE"."time_month"
    COUNTRY (4): "WI2_ACU008_CUSTOMER"."C_LAND"
    SALESORGCURRENT (5): "WI2_ACU008_CUSTOMER"."C_SALESORGCURRENT"
    CITY (6): "WI2_ACU008_CUSTOMER"."C_CITY"
    CUSTOMER (7): "WI2_ACU008_CUSTOMER"."C_DESC"
    CUSTOMER (Key) (8): "WI2_ACU008_CUSTOMER"."C_ID"
    Table:
      name=AGG_2_WI2_ACU008_FACT_TABLE
      relation=AGG_2_WI2_ACU008_FACT_TABLE
      numberofrows=2
      FactCount:
        Fact Count (-1): "AGG_2_WI2_ACU008_FACT_TABLE"."FACT_COUNT"
      Measures:
        [SALESQUANTITY] (17): sum("AGG_2_WI2_ACU008_FACT_TABLE"."SUM_SALESQUANTITY")
        [DISCOUNT] (15): sum("AGG_2_WI2_ACU008_FACT_TABLE"."SUM_DISCOUNT")
        [NOOFSALESORDERS] (18): sum("AGG_2_WI2_ACU008_FACT_TABLE"."SUM_NOOFSALESORDERS")
        [COSTOFGOODSSOLD] (16): sum("AGG_2_WI2_ACU008_FACT_TABLE"."SUM_COGS")
        [REVENUE] (14): sum("AGG_2_WI2_ACU008_FACT_TABLE"."SUM_REVENUE")
      Levels:
        YEAR (0): "AGG_2_WI2_ACU008_FACT_TABLE"."time_year"
        PRODUCT_CATEGORY (10): "AGG_2_WI2_ACU008_FACT_TABLE"."product_p_categoryid"
        MONTH (1): "AGG_2_WI2_ACU008_FACT_TABLE"."time_month"
      Table:
        name=WI2_ACU008_CUSTOMER
        relation=ACU008.WI2_ACU008_CUSTOMER
        Levels:
          COUNTRY (4): "WI2_ACU008_CUSTOMER"."C_LAND"
          SALESORGCURRENT (5): "WI2_ACU008_CUSTOMER"."C_SALESORGCURRENT"
          CITY (6): "WI2_ACU008_CUSTOMER"."C_CITY"
          CUSTOMER (7): "WI2_ACU008_CUSTOMER"."C_DESC"
          CUSTOMER (Key) (8): "WI2_ACU008_CUSTOMER"."C_ID"
        JoinCondition:
          left="AGG_2_WI2_ACU008_FACT_TABLE"."CUSTOMER_C_ID"
          right="WI2_ACU008_CUSTOMER"."C_ID"


2021-05-10 10:41:48,625 DEBUG [mondrian.server.MondrianServerImpl] removeStatement , id=3, statements=1, connections=1
2021-05-10 10:41:48,625 DEBUG [mondrian.server.monitor] StatementInfo{statementId=3, executeStartCount=0, executeEndCount=0, phaseCount=0, cellCacheRequestCount=0, cellCacheHitCount=0, cellCacheMissCount=0, cellCachePendingCount=0, sqlStatementStartCount=0, sqlStatementExecuteCount=0, sqlStatementEndCount=0, sqlStatementRowFetchCount=0, sqlStatementExecuteNanos=0, cellRequestCount=0}
2021-05-10 10:41:48,625 DEBUG [mondrian.server.MondrianServerImpl] addConnection , id=3, statements=0, connections=1
2021-05-10 10:41:48,625 DEBUG [mondrian.server.monitor] StatementEndEvent(3)
2021-05-10 10:41:48,625 DEBUG [mondrian.server.monitor] ConnectionStartEvent(3)
2021-05-10 10:41:48,640 DEBUG [mondrian.server.MondrianServerImpl] addConnection , id=1, statements=0, connections=0
2021-05-10 10:41:48,640 DEBUG [mondrian.server.monitor] ConnectionStartEvent(5)
2021-05-10 10:41:48,640 DEBUG [mondrian.server.MondrianServerImpl] addStatement , id=1, statements=0, connections=1
2021-05-10 10:41:48,640 DEBUG [mondrian.server.monitor] StatementStartEvent(5)
2021-05-10 10:41:48,640 DEBUG [mondrian.rolap.RolapSchema] Pool.get: create schema "file:/mondrian-schema.xml" using dynamic processor
2021-05-10 10:41:48,641 DEBUG [mondrian.server.MondrianServerImpl] removeStatement , id=1, statements=1, connections=1
2021-05-10 10:41:48,641 DEBUG [mondrian.server.monitor] StatementInfo{statementId=5, executeStartCount=0, executeEndCount=0, phaseCount=0, cellCacheRequestCount=0, cellCacheHitCount=0, cellCacheMissCount=0, cellCachePendingCount=0, sqlStatementStartCount=0, sqlStatementExecuteCount=0, sqlStatementEndCount=0, sqlStatementRowFetchCount=0, sqlStatementExecuteNanos=0, cellRequestCount=0}
2021-05-10 10:41:48,641 DEBUG [mondrian.server.MondrianServerImpl] addConnection , id=1, statements=0, connections=1
2021-05-10 10:41:48,641 DEBUG [mondrian.server.monitor] StatementEndEvent(5)
2021-05-10 10:41:48,641 DEBUG [mondrian.server.MondrianServerImpl] removeConnection , id=1, statements=0, connections=1
2021-05-10 10:41:48,643 DEBUG [mondrian.server.monitor] ConnectionStartEvent(5)
2021-05-10 10:41:48,643 DEBUG [mondrian.server.monitor] ConnectionInfo{cellCacheHitCount=0, cellCacheRequestCount=0, cellCacheMissCount=0, cellCachePendingCount=0, statementStartCount=0, statementEndCount=0, executeStartCount=0, executeEndCount=0}
2021-05-10 10:41:48,643 DEBUG [mondrian.server.monitor] ConnectionEndEvent(5)
2021-05-10 10:41:55,635 DEBUG [mondrian.server.MondrianServerImpl] addConnection , id=3, statements=0, connections=1
2021-05-10 10:41:55,635 DEBUG [mondrian.server.MondrianServerImpl] addStatement , id=3, statements=0, connections=2
2021-05-10 10:41:55,636 DEBUG [mondrian.rolap.RolapSchema] Pool.get: create schema "file:/mondrian-schema.xml" using dynamic processor
2021-05-10 10:41:55,636 DEBUG [mondrian.server.monitor] ConnectionStartEvent(6)
2021-05-10 10:41:55,636 DEBUG [mondrian.server.monitor] StatementStartEvent(6)
2021-05-10 10:41:55,636 DEBUG [mondrian.server.MondrianServerImpl] removeStatement , id=3, statements=1, connections=2
2021-05-10 10:41:55,636 DEBUG [mondrian.server.MondrianServerImpl] addConnection , id=3, statements=0, connections=2
2021-05-10 10:41:55,636 DEBUG [mondrian.server.MondrianServerImpl] addConnection , id=1, statements=0, connections=0
2021-05-10 10:41:55,636 DEBUG [mondrian.server.MondrianServerImpl] addStatement , id=1, statements=0, connections=1
2021-05-10 10:41:55,636 DEBUG [mondrian.rolap.RolapSchema] Pool.get: create schema "file:/mondrian-schema.xml" using dynamic processor
2021-05-10 10:41:55,636 DEBUG [mondrian.server.MondrianServerImpl] removeStatement , id=1, statements=1, connections=1
2021-05-10 10:41:55,637 DEBUG [mondrian.server.MondrianServerImpl] addConnection , id=1, statements=0, connections=1
2021-05-10 10:41:55,637 DEBUG [mondrian.server.MondrianServerImpl] removeConnection , id=1, statements=0, connections=1
2021-05-10 10:41:55,642 DEBUG [mondrian.server.monitor] StatementInfo{statementId=6, executeStartCount=0, executeEndCount=0, phaseCount=0, cellCacheRequestCount=0, cellCacheHitCount=0, cellCacheMissCount=0, cellCachePendingCount=0, sqlStatementStartCount=0, sqlStatementExecuteCount=0, sqlStatementEndCount=0, sqlStatementRowFetchCount=0, sqlStatementExecuteNanos=0, cellRequestCount=0}
2021-05-10 10:41:55,642 DEBUG [mondrian.server.monitor] StatementEndEvent(6)
2021-05-10 10:41:55,642 DEBUG [mondrian.server.monitor] ConnectionStartEvent(6)
2021-05-10 10:41:55,642 DEBUG [mondrian.server.monitor] ConnectionStartEvent(7)
2021-05-10 10:41:55,642 DEBUG [mondrian.server.monitor] StatementStartEvent(7)
2021-05-10 10:41:55,642 DEBUG [mondrian.server.monitor] StatementInfo{statementId=7, executeStartCount=0, executeEndCount=0, phaseCount=0, cellCacheRequestCount=0, cellCacheHitCount=0, cellCacheMissCount=0, cellCachePendingCount=0, sqlStatementStartCount=0, sqlStatementExecuteCount=0, sqlStatementEndCount=0, sqlStatementRowFetchCount=0, sqlStatementExecuteNanos=0, cellRequestCount=0}
2021-05-10 10:41:55,642 DEBUG [mondrian.server.monitor] StatementEndEvent(7)
2021-05-10 10:41:55,642 DEBUG [mondrian.server.monitor] ConnectionStartEvent(7)
2021-05-10 10:41:55,642 DEBUG [mondrian.server.monitor] ConnectionInfo{cellCacheHitCount=0, cellCacheRequestCount=0, cellCacheMissCount=0, cellCachePendingCount=0, statementStartCount=0, statementEndCount=0, executeStartCount=0, executeEndCount=0}
2021-05-10 10:41:55,642 DEBUG [mondrian.server.monitor] ConnectionEndEvent(7)
